[2025-12-27 00:41:48] INFO [notebook_eda.<module>:22] Data loaded and timestamp converted.
[2025-12-27 10:05:55] INFO [notebook_eda.<module>:22] Data loaded and timestamp converted.
[2025-12-27 10:06:09] INFO [notebook_eda.engineer_initial_features:21] Initial features engineered: hour, day_of_week, is_midnight, amount_band, is_ussd
[2025-12-27 10:15:46] INFO [notebook_eda.engineer_velocity_features:44] Velocity features engineered: tx_count_24h, total_spend_24h, amount_vs_avg_ratio
[2025-12-27 10:18:11] INFO [notebook_eda.<module>:9] Feature Engineering Complete. Data saved to ../../data/nigerian_fraud_features.parquet
[2025-12-27 10:42:56] INFO [model_training.<module>:18] Successfully loaded engineered features.
[2025-12-27 10:43:48] INFO [model_training.<module>:20] Splitting complete. Fraud Ratio in Train: 0.0185
[2025-12-27 10:53:38] INFO [model_training.<module>:17] Training XGBoost with scale_pos_weight: 53.20
[2025-12-27 11:29:56] INFO [model_training.<module>:18] Successfully loaded engineered features.
[2025-12-27 11:29:57] INFO [model_training.<module>:20] Splitting complete. Fraud Ratio in Train: 0.0185
[2025-12-27 11:30:10] INFO [model_training.<module>:17] Training XGBoost with scale_pos_weight: 53.20
[2025-12-27 11:39:32] INFO [model_training.<module>:14] Model and Encoders saved successfully to /models folder.
[2025-12-27 13:31:22] INFO [model_training.<module>:24] Successfully loaded engineered features.
[2025-12-27 13:31:23] INFO [model_training.<module>:20] Splitting complete. Fraud Ratio in Train: 0.0185
[2025-12-27 13:31:36] INFO [model_training.<module>:15] Training XGBoost with scale_pos_weight: 53.20
[2025-12-27 13:31:53] INFO [model_training.<module>:11] Model and Encoders saved successfully to /models folder.
[2025-12-27 13:45:44] INFO [model_training.<module>:25] Successfully loaded engineered features.
[2025-12-27 13:45:44] INFO [model_training.<module>:20] Splitting complete. Fraud Ratio in Train: 0.0185
[2025-12-27 13:45:53] INFO [model_training.<module>:15] Training XGBoost with scale_pos_weight: 53.20
[2025-12-27 13:46:04] INFO [model_training.<module>:11] Model and Encoders saved successfully to /models folder.
[2025-12-27 13:46:04] INFO [model_training.<module>:5] SMOTE complete: Fraud samples increased from 738 to 3926
[2025-12-27 13:53:58] INFO [model_training.<module>:5] SMOTE complete: Fraud samples increased from 738 to 3926
[2025-12-27 14:40:13] INFO [notebook_eda.<module>:22] Data loaded and timestamp converted.
[2025-12-27 14:40:14] INFO [notebook_eda.engineer_initial_features:21] Initial features engineered: hour, day_of_week, is_midnight, amount_band, is_ussd
[2025-12-27 14:40:16] INFO [notebook_eda.engineer_velocity_features:44] Velocity features engineered: tx_count_24h, total_spend_24h, amount_vs_avg_ratio
[2025-12-27 14:41:46] INFO [notebook_eda.<module>:22] Data loaded and timestamp converted.
[2025-12-27 14:41:47] INFO [notebook_eda.engineer_initial_features:21] Initial features engineered: hour, day_of_week, is_midnight, amount_band, is_ussd
[2025-12-27 14:41:49] INFO [notebook_eda.engineer_velocity_features:44] Velocity features engineered: tx_count_24h, total_spend_24h, amount_vs_avg_ratio
[2025-12-27 14:47:44] INFO [notebook_eda.<module>:22] Data loaded and timestamp converted.
[2025-12-27 14:47:44] INFO [notebook_eda.engineer_initial_features:21] Initial features engineered: hour, day_of_week, is_midnight, amount_band, is_ussd
[2025-12-27 14:47:46] INFO [notebook_eda.engineer_velocity_features:44] Velocity features engineered: tx_count_24h, total_spend_24h, amount_vs_avg_ratio
[2025-12-27 14:49:26] INFO [notebook_eda.<module>:22] Data loaded and timestamp converted.
[2025-12-27 14:49:26] INFO [notebook_eda.engineer_initial_features:21] Initial features engineered: hour, day_of_week, is_midnight, amount_band, is_ussd
[2025-12-27 14:49:28] INFO [notebook_eda.engineer_velocity_features:44] Velocity features engineered: tx_count_24h, total_spend_24h, amount_vs_avg_ratio
[2025-12-27 14:56:55] INFO [notebook_eda.<module>:22] Data loaded and timestamp converted.
[2025-12-27 14:56:56] INFO [notebook_eda.engineer_initial_features:21] Initial features engineered: hour, day_of_week, is_midnight, amount_band, is_ussd
[2025-12-27 14:56:58] INFO [notebook_eda.engineer_velocity_features:44] Velocity features engineered: tx_count_24h, total_spend_24h, amount_vs_avg_ratio
[2025-12-27 15:01:44] INFO [notebook_eda.<module>:22] Data loaded and timestamp converted.
[2025-12-27 15:01:45] INFO [notebook_eda.engineer_initial_features:21] Initial features engineered: hour, day_of_week, is_midnight, amount_band, is_ussd
[2025-12-27 15:01:49] INFO [notebook_eda.engineer_velocity_features:44] Velocity features engineered: tx_count_24h, total_spend_24h, amount_vs_avg_ratio
[2025-12-27 15:01:53] INFO [notebook_eda.<module>:9] Gold Data Saved! Shape: (50000, 16)
[2025-12-27 15:02:45] INFO [model_training.<module>:25] Successfully loaded engineered features.
[2025-12-27 15:02:45] INFO [model_training.<module>:20] Splitting complete. Fraud Ratio in Train: 0.0185
[2025-12-27 15:02:55] INFO [model_training.<module>:15] Training XGBoost with scale_pos_weight: 53.20
[2025-12-27 15:03:04] INFO [model_training.<module>:11] Model and Encoders saved successfully to /models folder.
[2025-12-27 15:03:04] INFO [model_training.<module>:5] SMOTE complete: Fraud samples increased from 738 to 3926
[2025-12-27 16:56:15] INFO [model_training.<module>:27] Successfully loaded engineered features.
[2025-12-27 16:56:16] INFO [model_training.<module>:20] Preparation complete. Training set expanded to 46556 rows.
[2025-12-27 17:02:34] INFO [model_training.<module>:28] Successfully loaded engineered features.
[2025-12-27 17:02:35] INFO [model_training.<module>:20] Preparation complete. Training set expanded to 46556 rows.
[2025-12-27 17:02:36] INFO [model_training.<module>:20] Training Ensemble Committee...
[2025-12-27 17:24:14] INFO [model_training.<module>:28] Successfully loaded engineered features.
[2025-12-27 17:24:15] INFO [model_training.<module>:21] Preparation complete. Training set expanded to 46556 rows.
[2025-12-27 17:24:16] INFO [model_training.<module>:20] Training Ensemble Committee...
[2025-12-27 17:39:33] INFO [notebook_eda.<module>:22] Data loaded and timestamp converted.
[2025-12-27 17:39:33] INFO [notebook_eda.engineer_initial_features:21] Initial features engineered: hour, day_of_week, is_midnight, amount_band, is_ussd
[2025-12-27 17:39:36] INFO [notebook_eda.engineer_velocity_features:44] Velocity features engineered: tx_count_24h, total_spend_24h, amount_vs_avg_ratio
[2025-12-27 17:39:40] INFO [notebook_eda.<module>:9] Gold Data Saved! Shape: (55200, 16)
[2025-12-27 17:40:31] INFO [model_training.<module>:28] Successfully loaded engineered features.
[2025-12-27 23:49:57] INFO [model_training.<module>:28] Successfully loaded engineered features.
[2025-12-27 23:49:58] INFO [model_training.<module>:21] Preparation complete. Training set expanded to 49158 rows.
[2025-12-27 23:49:58] INFO [model_training.<module>:20] Training Ensemble Committee...
[2025-12-28 00:53:44] INFO [model_training.<module>:28] Successfully loaded engineered features.
[2025-12-28 00:53:46] INFO [model_training.<module>:23] Encoders stored for ['channel', 'location', 'sender_bank', 'amount_band']
[2025-12-28 00:53:46] INFO [model_training.<module>:20] Training Ensemble Committee...
[2025-12-28 01:01:05] INFO [model_training.<module>:28] Successfully loaded engineered features.
[2025-12-28 01:01:06] INFO [model_training.<module>:23] Encoders stored for ['channel', 'location', 'sender_bank', 'amount_band']
[2025-12-28 01:01:06] INFO [model_training.<module>:20] Training Ensemble Committee...
[2025-12-28 01:07:19] INFO [model_training.<module>:28] Successfully loaded engineered features.
[2025-12-28 01:07:20] INFO [model_training.<module>:23] Encoders stored for ['channel', 'location', 'sender_bank', 'amount_band']
[2025-12-28 01:07:20] INFO [model_training.<module>:20] Training Ensemble Committee...
[2025-12-28 01:07:34] INFO [model_training.<module>:35] Complete Model Artifact saved with Encoders and Metadata.
[2025-12-28 09:32:43] INFO [model_training.<module>:28] Successfully loaded engineered features.
[2025-12-28 09:32:44] INFO [model_training.<module>:23] Encoders stored for ['channel', 'location', 'sender_bank', 'amount_band']
[2025-12-28 09:32:44] INFO [model_training.<module>:20] Training Ensemble Committee...
[2025-12-28 09:32:56] INFO [model_training.<module>:35] Complete Model Artifact saved with Encoders and Metadata.
[2025-12-28 10:09:21] INFO [notebook_eda.<module>:22] Data loaded and timestamp converted.
[2025-12-28 10:15:19] INFO [notebook_eda.<module>:22] Data loaded and timestamp converted.
[2025-12-28 10:16:58] INFO [notebook_eda.<module>:22] Data loaded and timestamp converted.
[2025-12-28 10:21:02] INFO [notebook_eda.<module>:22] Data loaded and timestamp converted.
[2025-12-28 10:21:11] INFO [notebook_eda.<module>:9] Gold Data Saved! Shape: (60000, 18)
[2025-12-28 10:37:15] INFO [model_training.<module>:28] Successfully loaded engineered features.
[2025-12-28 10:37:17] INFO [model_training.<module>:23] Encoders stored for ['channel', 'location', 'sender_bank', 'amount_band']
[2025-12-28 10:37:17] INFO [model_training.<module>:20] Training Ensemble Committee...
[2025-12-28 10:37:46] INFO [model_training.<module>:35] Complete Model Artifact saved with Encoders and Metadata.
[2025-12-28 11:25:43] INFO [model_training.<module>:28] Successfully loaded engineered features.
[2025-12-28 11:25:44] INFO [model_training.<module>:23] Encoders stored for ['channel', 'location', 'sender_bank', 'amount_band']
[2025-12-28 11:25:44] INFO [model_training.<module>:20] Training Ensemble Committee...
[2025-12-28 11:26:06] INFO [model_training.<module>:35] Complete Model Artifact saved with Encoders and Metadata.
[2025-12-28 13:41:37] INFO [model_training.<module>:27] Successfully loaded engineered features.
[2025-12-28 13:42:00] INFO [model_training.<module>:23] Encoders stored for ['channel', 'location', 'sender_bank', 'amount_band']
[2025-12-28 13:42:46] INFO [model_training.<module>:34] Training Ensemble Committee...
[2025-12-28 19:49:12] INFO [notebook_eda.<module>:22] Data loaded and timestamp converted.
[2025-12-28 19:55:04] INFO [notebook_eda.<module>:9] Gold Data Saved! Shape: (60000, 28)
[2025-12-28 19:58:16] INFO [model_training.<module>:27] Successfully loaded engineered features.
[2025-12-28 19:58:30] INFO [model_training.<module>:8] Index(['amount', 'user_avg_amount', 'user_balance', 'channel', 'location',
       'sender_bank', 'hour', 'day_of_week', 'day', 'is_midnight',
       'is_salary_window', 'amount_band', 'is_ussd', 'tx_count_24h',
       'total_spend_24h', 'user_avg_amount_rolling',
       'amount_vs_user_avg_ratio', 'amt_to_user_avg_ratio', 'pct_of_balance',
       'location_avg_30d', 'bank_avg_30d', 'amt_to_location_avg_ratio',
       'amt_to_bank_avg_ratio', 'channel_velocity_1h', 'pct_balance_withdrawn',
       'tx_per_hour', 'is_midnight_high_value'],
      dtype='object')
[2025-12-28 19:58:31] INFO [model_training.<module>:24] Encoders stored for ['channel', 'location', 'sender_bank', 'amount_band']
[2025-12-28 19:59:11] INFO [model_training.<module>:34] Training Ensemble Committee...
[2025-12-28 20:50:29] INFO [model_training.<module>:27] Successfully loaded engineered features.
[2025-12-28 20:50:36] INFO [model_training.<module>:8] Index(['amount', 'user_avg_amount', 'user_balance', 'channel', 'location',
       'sender_bank', 'hour', 'day_of_week', 'day', 'is_midnight',
       'is_salary_window', 'amount_band', 'is_ussd', 'tx_count_24h',
       'total_spend_24h', 'user_avg_amount_rolling',
       'amount_vs_user_avg_ratio', 'amt_to_user_avg_ratio', 'pct_of_balance',
       'location_avg_30d', 'bank_avg_30d', 'amt_to_location_avg_ratio',
       'amt_to_bank_avg_ratio', 'channel_velocity_1h', 'pct_balance_withdrawn',
       'tx_per_hour', 'is_midnight_high_value'],
      dtype='object')
[2025-12-28 20:50:37] INFO [model_training.<module>:24] Encoders stored for ['channel', 'location', 'sender_bank', 'amount_band']
[2025-12-28 20:50:47] INFO [model_training.<module>:35] Training Ensemble Committee...
[2025-12-28 22:09:50] INFO [notebook_eda.<module>:22] Data loaded and timestamp converted.
[2025-12-28 22:11:17] INFO [notebook_eda.<module>:9] Gold Data Saved! Shape: (75000, 28)
[2025-12-28 22:29:38] INFO [model_training.<module>:27] Successfully loaded engineered features.
[2025-12-28 22:33:22] INFO [model_training.<module>:28] Successfully loaded engineered features.
[2025-12-28 22:37:33] INFO [time_based_split.<module>:26] Encoders stored for ['channel', 'location', 'sender_bank']
[2025-12-28 22:40:38] INFO [time_based_split.<module>:26] Encoders stored for ['channel', 'location', 'sender_bank']
[2025-12-28 22:43:45] INFO [time_based_split.<module>:26] Encoders stored for ['channel', 'location', 'sender_bank', 'fraud_reason']
[2025-12-28 22:44:29] INFO [time_based_split.<module>:26] Encoders stored for ['channel', 'location', 'sender_bank', 'fraud_reason']
[2025-12-28 22:44:30] INFO [time_based_split.<module>:33] Time-based split completed. Training data balanced with SMOTE.
[2025-12-28 22:44:31] INFO [time_based_split.<module>:34] X_train_res shape: (69228, 27), y_train_res distribution:
is_fraud
0    49449
1    19779
Name: count, dtype: int64
[2025-12-28 22:44:31] INFO [time_based_split.<module>:35] X_test shape: (15000, 27), y_test distribution:
is_fraud
0    12339
1     2661
Name: count, dtype: int64
[2025-12-28 22:45:09] INFO [time_based_split.<module>:35] Training Ensemble Committee...
[2025-12-28 23:19:14] INFO [notebook_eda.<module>:22] Data loaded and timestamp converted.
[2025-12-28 23:19:23] INFO [notebook_eda.<module>:9] Gold Data Saved! Shape: (75000, 28)
[2025-12-28 23:27:27] INFO [notebook_eda.<module>:22] Data loaded and timestamp converted.
[2025-12-28 23:27:49] INFO [notebook_eda.<module>:9] Gold Data Saved! Shape: (75000, 28)
[2025-12-28 23:38:49] INFO [model_training.<module>:28] Successfully loaded engineered features.
[2025-12-28 23:39:18] INFO [time_based_split.<module>:26] Encoders stored for ['channel', 'location', 'sender_bank']
[2025-12-28 23:46:35] INFO [time_based_split.<module>:27] Encoders stored for ['channel', 'location', 'sender_bank']
[2025-12-28 23:46:40] INFO [time_based_split.<module>:44] Time-based split completed. Training data balanced with SMOTE.
[2025-12-28 23:46:40] INFO [time_based_split.<module>:45] X_train_res shape: (69228, 26), y_train_res distribution:
is_fraud
0    49449
1    19779
Name: count, dtype: int64
[2025-12-28 23:46:40] INFO [time_based_split.<module>:46] X_test shape: (15000, 26), y_test distribution:
is_fraud
0    12339
1     2661
Name: count, dtype: int64
[2025-12-28 23:46:59] INFO [time_based_split.<module>:35] Training Ensemble Committee...
[2025-12-29 10:13:53] INFO [model_training.<module>:28] Successfully loaded engineered features.
[2025-12-29 10:13:54] INFO [time_based_split.<module>:27] Encoders stored for ['channel', 'location', 'sender_bank']
[2025-12-29 10:13:56] INFO [time_based_split.<module>:44] Time-based split completed. Training data balanced with SMOTE.
[2025-12-29 10:13:56] INFO [time_based_split.<module>:45] X_train_res shape: (69228, 26), y_train_res distribution:
is_fraud
0    49449
1    19779
Name: count, dtype: int64
[2025-12-29 10:13:56] INFO [time_based_split.<module>:46] X_test shape: (15000, 26), y_test distribution:
is_fraud
0    12339
1     2661
Name: count, dtype: int64
[2025-12-29 10:13:56] INFO [time_based_split.<module>:35] Training Ensemble Committee...
[2025-12-29 10:15:25] INFO [time_based_split.<module>:35] Complete Model Artifact saved with Encoders and Metadata.
[2025-12-30 01:09:47] INFO [model_training.<module>:28] Successfully loaded engineered features.
[2025-12-30 01:09:48] INFO [time_based_split.<module>:27] Encoders stored for ['channel', 'location', 'sender_bank']
[2025-12-30 01:09:49] INFO [time_based_split.<module>:44] Time-based split completed. Training data balanced with SMOTE.
[2025-12-30 01:09:49] INFO [time_based_split.<module>:45] X_train_res shape: (69228, 26), y_train_res distribution:
is_fraud
0    49449
1    19779
Name: count, dtype: int64
[2025-12-30 01:09:49] INFO [time_based_split.<module>:46] X_test shape: (15000, 26), y_test distribution:
is_fraud
0    12339
1     2661
Name: count, dtype: int64
[2025-12-30 01:09:50] INFO [time_based_split.<module>:40] Training Calibrated Ensemble...
[2025-12-30 01:34:42] INFO [model_training.<module>:28] Successfully loaded engineered features.
[2025-12-30 01:34:42] INFO [time_based_split.<module>:27] Encoders stored for ['channel', 'location', 'sender_bank']
[2025-12-30 01:34:44] INFO [time_based_split.<module>:44] Time-based split completed. Training data balanced with SMOTE.
[2025-12-30 01:34:44] INFO [time_based_split.<module>:45] X_train_res shape: (69228, 26), y_train_res distribution:
is_fraud
0    49449
1    19779
Name: count, dtype: int64
[2025-12-30 01:34:44] INFO [time_based_split.<module>:46] X_test shape: (15000, 26), y_test distribution:
is_fraud
0    12339
1     2661
Name: count, dtype: int64
[2025-12-30 01:34:44] INFO [time_based_split.<module>:40] Training Calibrated Ensemble...
[2025-12-30 01:37:10] INFO [time_based_split.<module>:35] Complete Model Artifact saved with Encoders and Metadata.
[2025-12-30 02:05:02] INFO [model_training.<module>:28] Successfully loaded engineered features.
[2025-12-30 02:05:02] INFO [time_based_split.<module>:27] Encoders stored for ['channel', 'location', 'sender_bank']
[2025-12-30 02:05:10] INFO [time_based_split.<module>:44] Time-based split completed. Training data balanced with SMOTE.
[2025-12-30 02:05:10] INFO [time_based_split.<module>:45] X_train_res shape: (69228, 26), y_train_res distribution:
is_fraud
0    49449
1    19779
Name: count, dtype: int64
[2025-12-30 02:05:10] INFO [time_based_split.<module>:46] X_test shape: (15000, 26), y_test distribution:
is_fraud
0    12339
1     2661
Name: count, dtype: int64
[2025-12-30 02:05:11] INFO [time_based_split.<module>:40] Training Calibrated Ensemble...
[2025-12-30 02:09:08] INFO [time_based_split.<module>:35] Complete Model Artifact saved with Encoders and Metadata.
[2025-12-30 03:45:01] INFO [model_training.<module>:28] Total transactions: 75000
[2025-12-30 03:45:01] INFO [model_training.<module>:29] Fraud rate: 17.62%
[2025-12-30 03:45:01] INFO [model_training.<module>:30] Fraud cases: 13212
[2025-12-30 03:45:01] INFO [model_training.<module>:31] Successfully loaded engineered features.
[2025-12-30 03:45:32] INFO [time_based_split.<module>:8] 
Train: 60000 | Test: 15000
[2025-12-30 03:45:32] INFO [time_based_split.<module>:28] Encoders stored for ['channel', 'location', 'sender_bank']
[2025-12-30 03:45:33] INFO [time_based_split.<module>:43] 
FEATURE STATISTICS (Training):
[2025-12-30 03:45:33] INFO [time_based_split.<module>:44]               amount  user_avg_amount  user_balance       channel  \
count   60000.000000     60000.000000  6.000000e+04  60000.000000   
mean    15501.928639     12508.204147  7.936879e+05      0.777883   
std     13770.372316      7761.091412  4.066746e+05      0.839599   
min       500.000000      2063.700000  8.064229e+04      0.000000   
25%      6532.410000      6600.950000  4.469744e+05      0.000000   
50%     11218.025000     10126.100000  7.930576e+05      1.000000   
75%     20343.847500     17832.300000  1.150105e+06      2.000000   
max    169453.550000     29964.650000  1.499755e+06      2.000000   

           location  sender_bank    bvn_linked  device_changed  \
count  60000.000000  60000.00000  60000.000000    60000.000000   
mean       1.984950      2.42290      0.839100        0.049300   
std        1.417153      1.70929      0.367442        0.216495   
min        0.000000      0.00000      0.000000        0.000000   
25%        1.000000      1.00000      1.000000        0.000000   
50%        2.000000      2.00000      1.000000        0.000000   
75%        3.000000      4.00000      1.000000        0.000000   
max        4.000000      5.00000      1.000000        1.000000   

       failed_attempts_24h   tx_count_1h  ...       is_ussd  total_spend_24h  \
count         60000.000000  60000.000000  ...  60000.000000     60000.000000   
mean              8.434050     21.607100  ...      0.266067     33436.660095   
std               7.509693     14.492812  ...      0.441903     34260.067500   
min               0.000000      1.000000  ...      0.000000         0.000000   
25%               2.000000      9.000000  ...      0.000000     11787.942500   
50%               7.000000     19.000000  ...      0.000000     22479.295000   
75%              13.000000     32.000000  ...      1.000000     42490.905000   
max              54.000000     71.000000  ...      1.000000    498331.360000   

       amt_to_user_avg_ratio  pct_of_balance  location_avg_30d  \
count           60000.000000    60000.000000      60000.000000   
mean                1.237355        3.142044      16178.348581   
std                 0.660777        4.642433       3584.670317   
min                 0.016747        0.033456          0.000000   
25%                 0.842956        0.790814      14347.103640   
50%                 1.080547        1.642355      15206.486725   
75%                 1.378838        3.529575      15976.561400   
max                 5.861960      100.000000      37784.940000   

       amt_to_location_avg_ratio  channel_velocity_1h  pct_balance_withdrawn  \
count               60000.000000         60000.000000           60000.000000   
mean                    0.991652             1.048183               0.031425   
std                     0.909193             0.219991               0.046540   
min                     0.000000             0.000000               0.000335   
25%                     0.403104             1.000000               0.007908   
50%                     0.711280             1.000000               0.016424   
75%                     1.288231             1.000000               0.035296   
max                    12.945155             4.000000               1.178148   

        tx_per_hour  is_midnight_high_value  
count  60000.000000                 60000.0  
mean       1.048200                     0.0  
std        0.219949                     0.0  
min        1.000000                     0.0  
25%        1.000000                     0.0  
50%        1.000000                     0.0  
75%        1.000000                     0.0  
max        4.000000                     0.0  

[8 rows x 26 columns]
[2025-12-30 03:45:33] INFO [time_based_split.<module>:51] 
Top 5 Most Different Features:
[2025-12-30 03:45:33] INFO [time_based_split.<module>:52] user_balance        42629.995610
total_spend_24h       508.318312
location_avg_30d      141.668823
user_avg_amount       137.759853
amount                 39.464682
dtype: float64
[2025-12-30 03:45:36] INFO [time_based_split.<module>:58] Time-based split completed. Training data balanced with SMOTE.
[2025-12-30 03:45:36] INFO [time_based_split.<module>:59] is_fraud
0    49449
1    29669
Name: count, dtype: int64
[2025-12-30 03:45:36] INFO [time_based_split.<module>:60] Fraud %: 37.5%
[2025-12-30 03:46:02] INFO [time_based_split.<module>:44] Training Calibrated Ensemble...
[2025-12-30 03:47:49] INFO [time_based_split.<module>:13]               precision    recall  f1-score   support

           0      0.977     0.932     0.954     12339
           1      0.741     0.899     0.812      2661

    accuracy                          0.926     15000
   macro avg      0.859     0.916     0.883     15000
weighted avg      0.935     0.926     0.929     15000

[2025-12-30 03:47:49] INFO [time_based_split.<module>:16] Fraud Caught: 2392 / 2661
[2025-12-30 03:47:49] INFO [time_based_split.<module>:17] False Alarms: 836
[2025-12-30 03:47:49] INFO [time_based_split.<module>:13]               precision    recall  f1-score   support

           0      0.975     0.992     0.984     12339
           1      0.962     0.881     0.920      2661

    accuracy                          0.973     15000
   macro avg      0.968     0.937     0.952     15000
weighted avg      0.973     0.973     0.972     15000

[2025-12-30 03:47:49] INFO [time_based_split.<module>:16] Fraud Caught: 2345 / 2661
[2025-12-30 03:47:49] INFO [time_based_split.<module>:17] False Alarms: 93
[2025-12-30 03:47:49] INFO [time_based_split.<module>:13]               precision    recall  f1-score   support

           0      0.975     1.000     0.987     12339
           1      0.998     0.879     0.935      2661

    accuracy                          0.978     15000
   macro avg      0.986     0.939     0.961     15000
weighted avg      0.979     0.978     0.978     15000

[2025-12-30 03:47:49] INFO [time_based_split.<module>:16] Fraud Caught: 2339 / 2661
[2025-12-30 03:47:49] INFO [time_based_split.<module>:17] False Alarms: 4
[2025-12-30 03:47:49] INFO [time_based_split.<module>:13]               precision    recall  f1-score   support

           0      0.975     1.000     0.987     12339
           1      1.000     0.879     0.936      2661

    accuracy                          0.979     15000
   macro avg      0.987     0.939     0.961     15000
weighted avg      0.979     0.979     0.978     15000

[2025-12-30 03:47:49] INFO [time_based_split.<module>:16] Fraud Caught: 2339 / 2661
[2025-12-30 03:47:49] INFO [time_based_split.<module>:17] False Alarms: 0
[2025-12-30 03:47:49] INFO [time_based_split.<module>:21] 
AUC-ROC: 0.9679
[2025-12-30 09:45:01] INFO [model_training.<module>:28] Total transactions: 75000
[2025-12-30 09:45:01] INFO [model_training.<module>:29] Fraud rate: 17.62%
[2025-12-30 09:45:01] INFO [model_training.<module>:30] Fraud cases: 13212
[2025-12-30 09:45:01] INFO [model_training.<module>:31] Successfully loaded engineered features.
[2025-12-30 09:45:01] INFO [time_based_split.<module>:8] 
Train: 60000 | Test: 15000
[2025-12-30 09:45:01] INFO [time_based_split.<module>:28] Encoders stored for ['channel', 'location', 'sender_bank']
[2025-12-30 09:45:01] INFO [time_based_split.<module>:43] 
FEATURE STATISTICS (Training):
[2025-12-30 09:45:02] INFO [time_based_split.<module>:44]               amount  user_avg_amount  user_balance       channel  \
count   60000.000000     60000.000000  6.000000e+04  60000.000000   
mean    15501.928639     12508.204147  7.936879e+05      0.777883   
std     13770.372316      7761.091412  4.066746e+05      0.839599   
min       500.000000      2063.700000  8.064229e+04      0.000000   
25%      6532.410000      6600.950000  4.469744e+05      0.000000   
50%     11218.025000     10126.100000  7.930576e+05      1.000000   
75%     20343.847500     17832.300000  1.150105e+06      2.000000   
max    169453.550000     29964.650000  1.499755e+06      2.000000   

           location  sender_bank    bvn_linked  device_changed  \
count  60000.000000  60000.00000  60000.000000    60000.000000   
mean       1.984950      2.42290      0.839100        0.049300   
std        1.417153      1.70929      0.367442        0.216495   
min        0.000000      0.00000      0.000000        0.000000   
25%        1.000000      1.00000      1.000000        0.000000   
50%        2.000000      2.00000      1.000000        0.000000   
75%        3.000000      4.00000      1.000000        0.000000   
max        4.000000      5.00000      1.000000        1.000000   

       failed_attempts_24h   tx_count_1h  ...       is_ussd  total_spend_24h  \
count         60000.000000  60000.000000  ...  60000.000000     60000.000000   
mean              8.434050     21.607100  ...      0.266067     33436.660095   
std               7.509693     14.492812  ...      0.441903     34260.067500   
min               0.000000      1.000000  ...      0.000000         0.000000   
25%               2.000000      9.000000  ...      0.000000     11787.942500   
50%               7.000000     19.000000  ...      0.000000     22479.295000   
75%              13.000000     32.000000  ...      1.000000     42490.905000   
max              54.000000     71.000000  ...      1.000000    498331.360000   

       amt_to_user_avg_ratio  pct_of_balance  location_avg_30d  \
count           60000.000000    60000.000000      60000.000000   
mean                1.237355        3.142044      16178.348581   
std                 0.660777        4.642433       3584.670317   
min                 0.016747        0.033456          0.000000   
25%                 0.842956        0.790814      14347.103640   
50%                 1.080547        1.642355      15206.486725   
75%                 1.378838        3.529575      15976.561400   
max                 5.861960      100.000000      37784.940000   

       amt_to_location_avg_ratio  channel_velocity_1h  pct_balance_withdrawn  \
count               60000.000000         60000.000000           60000.000000   
mean                    0.991652             1.048183               0.031425   
std                     0.909193             0.219991               0.046540   
min                     0.000000             0.000000               0.000335   
25%                     0.403104             1.000000               0.007908   
50%                     0.711280             1.000000               0.016424   
75%                     1.288231             1.000000               0.035296   
max                    12.945155             4.000000               1.178148   

        tx_per_hour  is_midnight_high_value  
count  60000.000000                 60000.0  
mean       1.048200                     0.0  
std        0.219949                     0.0  
min        1.000000                     0.0  
25%        1.000000                     0.0  
50%        1.000000                     0.0  
75%        1.000000                     0.0  
max        4.000000                     0.0  

[8 rows x 26 columns]
[2025-12-30 09:45:05] INFO [time_based_split.<module>:51] 
Top 5 Most Different Features:
[2025-12-30 09:45:05] INFO [time_based_split.<module>:52] user_balance        42629.995610
total_spend_24h       508.318312
location_avg_30d      141.668823
user_avg_amount       137.759853
amount                 39.464682
dtype: float64
[2025-12-30 09:45:06] INFO [time_based_split.<module>:58] Time-based split completed. Training data balanced with SMOTE.
[2025-12-30 09:45:06] INFO [time_based_split.<module>:59] is_fraud
0    49449
1    29669
Name: count, dtype: int64
[2025-12-30 09:45:06] INFO [time_based_split.<module>:60] Fraud %: 37.5%
[2025-12-30 09:45:06] INFO [time_based_split.<module>:44] Training Calibrated Ensemble...
[2025-12-30 09:46:15] INFO [time_based_split.<module>:13]               precision    recall  f1-score   support

           0      0.977     0.932     0.954     12339
           1      0.741     0.899     0.812      2661

    accuracy                          0.926     15000
   macro avg      0.859     0.916     0.883     15000
weighted avg      0.935     0.926     0.929     15000

[2025-12-30 09:46:15] INFO [time_based_split.<module>:16] Fraud Caught: 2392 / 2661
[2025-12-30 09:46:15] INFO [time_based_split.<module>:17] False Alarms: 836
[2025-12-30 09:46:15] INFO [time_based_split.<module>:13]               precision    recall  f1-score   support

           0      0.975     0.992     0.984     12339
           1      0.962     0.881     0.920      2661

    accuracy                          0.973     15000
   macro avg      0.968     0.937     0.952     15000
weighted avg      0.973     0.973     0.972     15000

[2025-12-30 09:46:15] INFO [time_based_split.<module>:16] Fraud Caught: 2345 / 2661
[2025-12-30 09:46:15] INFO [time_based_split.<module>:17] False Alarms: 93
[2025-12-30 09:46:15] INFO [time_based_split.<module>:13]               precision    recall  f1-score   support

           0      0.975     1.000     0.987     12339
           1      0.998     0.879     0.935      2661

    accuracy                          0.978     15000
   macro avg      0.986     0.939     0.961     15000
weighted avg      0.979     0.978     0.978     15000

[2025-12-30 09:46:15] INFO [time_based_split.<module>:16] Fraud Caught: 2339 / 2661
[2025-12-30 09:46:15] INFO [time_based_split.<module>:17] False Alarms: 4
[2025-12-30 09:46:15] INFO [time_based_split.<module>:13]               precision    recall  f1-score   support

           0      0.975     1.000     0.987     12339
           1      1.000     0.879     0.936      2661

    accuracy                          0.979     15000
   macro avg      0.987     0.939     0.961     15000
weighted avg      0.979     0.979     0.978     15000

[2025-12-30 09:46:15] INFO [time_based_split.<module>:16] Fraud Caught: 2339 / 2661
[2025-12-30 09:46:15] INFO [time_based_split.<module>:17] False Alarms: 0
[2025-12-30 09:46:15] INFO [time_based_split.<module>:21] 
AUC-ROC: 0.9679
