2025-12-28 12:40:07,847 | INFO | ID:c056ed87-f481-47f1-83b9-2158dd255fac | AMT:250000.0 | PROBA:0.5512 | ACT:REVIEW
2025-12-28 12:42:04,991 | INFO | ID:d9000698-82b8-44f0-a780-26acfbccaf67 | AMT:450000.0 | PROBA:0.8047 | ACT:BLOCK
2025-12-28 12:42:52,887 | INFO | ID:5e9b558b-edda-4d20-98b7-139c968995f7 | AMT:120000.0 | PROBA:0.2367 | ACT:ALLOW
2025-12-28 12:43:32,312 | INFO | ID:aa067dfa-09ca-4ce0-a62f-29f087d9706e | AMT:2500.0 | PROBA:0.2179 | ACT:ALLOW
2025-12-29 23:59:40,105 | INFO | ID:4b47122d-e484-4655-9166-1d37899a75bb | AMT:5000.0 | PROBA:0.0484 | ACT:ALLOW | SIM:None
2025-12-29 23:59:40,607 | INFO | ID:26132a7f-7f1f-44a5-999a-0946b7971a62 | AMT:450000.0 | PROBA:0.0602 | ACT:ALLOW | SIM:None
2025-12-30 00:16:46,351 | INFO | ID:3687ddd4-b5d2-4e26-a05c-f35ce94378ba | AMT:5000.0 | PROBA:0.0484 | ACT:ALLOW | SIM:None
2025-12-30 00:16:46,493 | INFO | ID:6c662598-b27d-4c49-a4cf-87b92c8b3892 | AMT:450000.0 | PROBA:0.0602 | ACT:ALLOW | SIM:None
2025-12-30 00:25:38,145 | INFO | ID:417e9ff8-0fe0-4695-80a5-88ca3cb3524c | AMT:5000.0 | PROBA:0.0484 | ACT:ALLOW | SIM:None
2025-12-30 00:25:38,320 | INFO | ID:0dde5871-9179-40ea-9f49-0abcb5b5e0e2 | AMT:450000.0 | PROBA:0.0677 | ACT:ALLOW | SIM:None
2025-12-30 00:34:07,681 | INFO | ID:c1261aa7-e68e-475c-96ae-d5cc9901031e | AMT:2500.0 | PROBA:0.0478 | ACT:ALLOW | SIM:None
2025-12-30 00:34:07,916 | INFO | ID:7da4cf21-5e38-43f7-8b30-de4b5b4b747b | AMT:450000.0 | PROBA:0.0602 | ACT:ALLOW | SIM:None
2025-12-30 00:34:08,064 | INFO | ID:ff764031-8478-4004-8461-f3ce4f3af3f8 | AMT:10000.0 | PROBA:0.0750 | ACT:ALLOW | SIM:None
2025-12-30 00:34:08,251 | INFO | ID:f6a9b96e-15c2-4a9f-ab33-bfa4bee51348 | AMT:150000.0 | PROBA:0.0524 | ACT:ALLOW | SIM:None
2025-12-30 00:34:08,430 | INFO | ID:c26b5d3d-b995-469a-b408-8fa3deb6fffa | AMT:85000.0 | PROBA:0.0679 | ACT:ALLOW | SIM:None
2025-12-30 00:44:20,242 | INFO | ID:9a222fbf-53f2-4b9a-91bc-13cff311f13a | AMT:2500.0 | PROBA:0.0478 | ACT:ALLOW | SIM:None
2025-12-30 00:44:20,477 | INFO | ID:10fa5c47-e78a-4555-bb87-d001cb8f104a | AMT:450000.0 | PROBA:0.0602 | ACT:REVIEW | SIM:None
2025-12-30 00:44:20,755 | INFO | ID:27300ba9-49f1-4657-a40c-1fdb45c04908 | AMT:10000.0 | PROBA:0.0750 | ACT:BLOCK | SIM:None
2025-12-30 00:44:20,917 | INFO | ID:1936e162-9e6c-44e0-94a6-c19de89ad9a7 | AMT:150000.0 | PROBA:0.0524 | ACT:REVIEW | SIM:None
2025-12-30 00:44:21,090 | INFO | ID:f9498050-90c2-4746-8da8-0930c9e074f6 | AMT:85000.0 | PROBA:0.0679 | ACT:REVIEW | SIM:None
2025-12-30 02:38:37,705 | INFO | ID:ea530605-af20-406e-b4e7-196f98eb0c70 | AMT:2500.0 | PROBA:0.0173 | ACT:ALLOW | SIM:None
2025-12-30 02:38:38,155 | INFO | ID:75ce2516-13e2-4478-a63e-9295ea03ba23 | AMT:450000.0 | PROBA:0.0186 | ACT:ALLOW | SIM:None
2025-12-30 02:38:40,494 | INFO | ID:2bcb3fc2-8ac3-4deb-b905-7b3fe188753c | AMT:10000.0 | PROBA:0.0219 | ACT:ALLOW | SIM:None
2025-12-30 02:38:41,003 | INFO | ID:fdd1fd87-7c61-4373-8414-6090cf8dd85c | AMT:150000.0 | PROBA:0.0183 | ACT:ALLOW | SIM:None
2025-12-30 02:38:41,370 | INFO | ID:ce5c96aa-eff8-49dc-a8f2-3f381e59f425 | AMT:85000.0 | PROBA:0.0186 | ACT:ALLOW | SIM:None
2025-12-30 03:13:42,910 | INFO | ID:adb00e13-1187-4899-89cf-46e8bf68ebbd | AMT:5000.0 | PROBA:0.0174 | ACT:ALLOW | SIM:None
2025-12-30 03:14:55,928 | INFO | ID:05b81867-02f2-44bd-9fc3-abb51dca5ecd | AMT:450000.0 | PROBA:0.0185 | ACT:ALLOW | SIM:None
2025-12-30 10:42:36,394 | INFO | ID:75040b7d-058e-4fed-8199-7ffa94045250 | AMT:450000.0 | PROBA:0.9895 | ACT:BLOCK | SIM:None
