[2025-12-26 22:12:31] INFO [data_generator.generate:20] Generating 50000 synthetic Nigerian transactions...
[2025-12-26 22:12:32] INFO [data_generator.generate:64] Generation complete.
[2025-12-26 23:10:21] INFO [data_generator.generate:20] Generating 50000 synthetic Nigerian transactions...
[2025-12-26 23:10:22] INFO [data_generator.generate:64] Generation complete.
[2025-12-26 23:13:21] INFO [data_generator.generate:20] Generating 50000 synthetic Nigerian transactions...
[2025-12-26 23:13:22] INFO [data_generator.generate:64] Generation complete.
[2025-12-26 23:13:23] INFO [data_generator.<module>:75] Saved to data/nigerian_transactions.csv
[2025-12-26 23:34:29] INFO [data_generator.generate:20] Generating 50000 synthetic Nigerian transactions...
[2025-12-26 23:34:31] INFO [data_generator.generate:64] Generation complete.
[2025-12-26 23:34:31] INFO [data_generator.<module>:78] Saved to data/nigerian_transactions.csv
[2025-12-27 14:16:41] INFO [data_generator v2.generate:19] Creating User Behavioral Profiles...
[2025-12-27 14:16:41] INFO [data_generator v2.generate:33] Generating 50000 behavioral transactions...
[2025-12-27 14:16:43] INFO [data_generator v2.generate:75] Generation complete.
[2025-12-27 14:16:44] INFO [data_generator v2.<module>:91] Saved to data/nigerian_transactions.csv
[2025-12-27 17:38:20] INFO [data_generator_v3.generate:33] Creating user behavioral profiles...
[2025-12-27 17:38:20] INFO [data_generator_v3.generate:39] Generating 55200 transactions with realistic noise...
[2025-12-27 17:38:22] INFO [data_generator_v3.generate:113] Data generation complete.
[2025-12-27 17:38:24] INFO [data_generator_v3.<module>:131] Saved dataset to data/nigerian_transactions.csv
[2025-12-28 09:55:37] INFO [nigeria_data_generator_v4.generate:131] Nigeria chaos dataset generated.
[2025-12-28 09:55:38] INFO [nigeria_data_generator_v4.<module>:145] Saved dataset to data/nigerian_transactions_v4.csv
[2025-12-28 21:57:43] INFO [nigeria_data_generator_v5.generate:164] Nigeria fintech-grade dataset generated.
[2025-12-28 21:57:44] INFO [nigeria_data_generator_v5.<module>:179] Saved dataset to data/nigerian_transactions_v5.csv
[2025-12-28 21:59:08] INFO [nigeria_data_generator_v5.generate:164] Nigeria fintech-grade dataset generated.
[2025-12-28 21:59:10] INFO [nigeria_data_generator_v5.<module>:179] Saved dataset to data/nigerian_transactions_v5.csv
